<?xml version="1.0" encoding="UTF-8"?>
<!-- Generated by org.testng.reporters.JUnitXMLReporter -->
<testsuite ignored="0" hostname="DESKTOP-86C7DGP" failures="0" tests="12" name="TutorialNinja Test Cases" time="88.751" errors="0" timestamp="2023-05-29T17:38:25 EDT">
  <testcase classname="com.tutorialninja.qa.testcases.Register" name="VerifyRegisteringAnAccountWithMandotoryField" time="1.473"/>
  <testcase classname="com.tutorialninja.qa.testcases.Register" name="VerifyRegisteringAnAccountBYProvidingAllFields" time="1.335"/>
  <testcase classname="com.tutorialninja.qa.testcases.Register" name="VerifyRegisteringAnAccountWithExistingEmailAddress" time="0.87"/>
  <testcase classname="com.tutorialninja.qa.testcases.Register" name="VerifyRegisteringAnAccountWithoutFillingAnyDetails" time="0.557"/>
  <testcase classname="com.tutorialninja.qa.testcases.Login" name="verifyLoginWithValidCredentials" time="1.285"/>
  <testcase classname="com.tutorialninja.qa.testcases.Login" name="verifyLoginWithInvalidCredentials" time="0.633"/>
  <testcase classname="com.tutorialninja.qa.testcases.Login" name="verifyLoginWithInvalidEmailValidPassword" time="0.64"/>
  <testcase classname="com.tutorialninja.qa.testcases.Login" name="verifyLoginWithValidEmailInvalidPassword" time="0.584"/>
  <testcase classname="com.tutorialninja.qa.testcases.Login" name="verifyLoginWithoutProvidingCredentials" time="0.562"/>
  <testcase classname="com.tutorialninja.qa.testcases.Search" name="verifySearchWithValidProduct" time="0.846"/>
  <testcase classname="com.tutorialninja.qa.testcases.Search" name="verifySearchWithInValidProduct" time="0.606"/>
  <testcase classname="com.tutorialninja.qa.testcases.Search" name="verifySearchWithoutPrividingProductName" time="0.588"/>
</testsuite> <!-- TutorialNinja Test Cases -->
